Base path: E:/Unity4.6.3/Data
Pipe name: \\.\pipe\UnityShaderCompiler-1-6696
Cmd: getPlatforms
Cmd: preprocess
  insize=2882 outsize=1643 ok=1
Cmd: compileSnippet
  api=4 type=0 insize=6450 outsize=4930 kw=DIRECTIONAL LIGHTMAP_OFF DIRLIGHTMAP_OFF ok=1
Cmd: compileSnippet
  api=4 type=1 insize=6450 outsize=3768 kw=DIRECTIONAL LIGHTMAP_OFF DIRLIGHTMAP_OFF ok=1
Cmd: compileSnippet
  api=4 type=0 insize=4160 outsize=4581 kw=POINT ok=1
Cmd: compileSnippet
  api=4 type=1 insize=4160 outsize=2533 kw=POINT ok=1
Cmd: preprocess
  insize=219 outsize=219 ok=1
Cmd: preprocess
  insize=2317 outsize=849 ok=1
Cmd: compileSnippet
  api=4 type=0 insize=1770 outsize=1697 kw= ok=1
Cmd: compileSnippet
  api=4 type=1 insize=1770 outsize=1290 kw= ok=1
Cmd: preprocess
  insize=1571 outsize=492 ok=1
Cmd: compileSnippet
  api=4 type=0 insize=1381 outsize=1388 kw= ok=1
Cmd: compileSnippet
  api=4 type=1 insize=1381 outsize=1737 kw= ok=1
Cmd: preprocess
  insize=687 outsize=687 ok=1
Cmd: preprocess
  insize=4062 outsize=1702 ok=1
Cmd: compileSnippet
  api=4 type=0 insize=2664 outsize=1363 kw=_TEX_OFF _COLOR_OFF _VCOLOR_OFF ok=1
Cmd: compileSnippet
  api=4 type=1 insize=2664 outsize=713 kw=_TEX_OFF _COLOR_OFF _VCOLOR_OFF ok=1
Cmd: preprocess
  insize=480 outsize=480 ok=1
Cmd: preprocess
  insize=2330 outsize=479 ok=1
Cmd: compileSnippet
  api=4 type=0 insize=2154 outsize=2078 kw= ok=1
Cmd: compileSnippet
  api=4 type=1 insize=2154 outsize=1632 kw= ok=1
Cmd: preprocess
  insize=2816 outsize=1851 ok=1
Cmd: compileSnippet
  api=4 type=0 insize=1266 outsize=1038 kw=_ASYM_OFF ok=1
Cmd: compileSnippet
  api=4 type=1 insize=1266 outsize=453 kw=_ASYM_OFF ok=1
Cmd: preprocess
  insize=683 outsize=683 ok=1
Cmd: preprocess
  insize=3904 outsize=1747 ok=1
Cmd: compileSnippet
  api=4 type=0 insize=2461 outsize=1583 kw=_COLOR_OFF _VCOLOR_OFF ok=1
Cmd: compileSnippet
  api=4 type=1 insize=2461 outsize=1128 kw=_COLOR_OFF _VCOLOR_OFF ok=1
Cmd: preprocess
  insize=483 outsize=480 ok=1
Cmd: preprocess
  insize=84 outsize=81 ok=1
Cmd: preprocess
  insize=1964 outsize=478 ok=1
Cmd: compileSnippet
  api=4 type=0 insize=1788 outsize=1697 kw= ok=1
Cmd: compileSnippet
  api=4 type=1 insize=1788 outsize=1290 kw= ok=1
Cmd: preprocess
  insize=480 outsize=480 ok=1
Cmd: preprocess
  insize=934 outsize=1133 ok=1
Cmd: compileSnippet
  api=4 type=0 insize=4480 outsize=2875 kw=DIRECTIONAL LIGHTMAP_OFF DIRLIGHTMAP_OFF ok=1
Cmd: compileSnippet
  api=4 type=1 insize=4480 outsize=1412 kw=DIRECTIONAL LIGHTMAP_OFF DIRLIGHTMAP_OFF ok=1
Cmd: compileSnippet
  api=4 type=0 insize=2509 outsize=2867 kw=POINT ok=1
Cmd: compileSnippet
  api=4 type=1 insize=2509 outsize=1242 kw=POINT ok=1
Cmd: preprocess
  insize=7328 outsize=7328 ok=1
Cmd: preprocess
  insize=838 outsize=838 ok=1
Cmd: preprocess
  insize=2450 outsize=535 ok=1
Cmd: compileSnippet
  api=4 type=0 insize=2219 outsize=2078 kw= ok=1
Cmd: compileSnippet
  api=4 type=1 insize=2219 outsize=1591 kw= ok=1
Cmd: preprocess
  insize=1445 outsize=782 ok=1
Cmd: compileSnippet
  api=4 type=0 insize=930 outsize=1071 kw= ok=1
Cmd: compileSnippet
  api=4 type=1 insize=930 outsize=762 kw= ok=1
Cmd: preprocess
  insize=2083 outsize=533 ok=1
Cmd: compileSnippet
  api=4 type=0 insize=1852 outsize=1697 kw= ok=1
Cmd: compileSnippet
  api=4 type=1 insize=1852 outsize=1250 kw= ok=1
Cmd: preprocess
  insize=2390 outsize=838 ok=1
Cmd: compileSnippet
  api=4 type=0 insize=1131 outsize=1493 kw= ok=1
Cmd: compileSnippet
  api=4 type=1 insize=1131 outsize=754 kw= ok=1
Cmd: compileSnippet
  api=4 type=0 insize=1028 outsize=1469 kw= ok=1
Cmd: compileSnippet
  api=4 type=1 insize=1028 outsize=754 kw= ok=1
Cmd: preprocess
  insize=687 outsize=687 ok=1
Cmd: preprocess
  insize=1404 outsize=609 ok=1
Cmd: compileSnippet
  api=4 type=0 insize=1097 outsize=1510 kw= ok=1
Cmd: compileSnippet
  api=4 type=1 insize=1097 outsize=1055 kw= ok=1
Cmd: preprocess
  insize=624 outsize=1151 ok=1
Cmd: compileSnippet
  api=4 type=0 insize=4208 outsize=2607 kw=DIRECTIONAL SHADOWS_OFF LIGHTMAP_OFF DIRLIGHTMAP_OFF ok=1
Cmd: compileSnippet
  api=4 type=1 insize=4208 outsize=1242 kw=DIRECTIONAL SHADOWS_OFF LIGHTMAP_OFF DIRLIGHTMAP_OFF ok=1
Cmd: compileSnippet
  api=4 type=0 insize=1775 outsize=1477 kw= ok=1
Cmd: compileSnippet
  api=4 type=1 insize=1775 outsize=632 kw= ok=1
Cmd: compileSnippet
  api=4 type=0 insize=3960 outsize=2883 kw=LIGHTMAP_OFF DIRLIGHTMAP_OFF HDR_LIGHT_PREPASS_OFF ok=1
Cmd: compileSnippet
  api=4 type=1 insize=3960 outsize=1152 kw=LIGHTMAP_OFF DIRLIGHTMAP_OFF HDR_LIGHT_PREPASS_OFF ok=1
Cmd: preprocess
  insize=1650 outsize=746 ok=1
Cmd: compileSnippet
  api=4 type=0 insize=1162 outsize=1185 kw= ok=1
Cmd: compileSnippet
  api=4 type=1 insize=1162 outsize=1217 kw= ok=1
Cmd: preprocess
  insize=1452 outsize=830 ok=1
Cmd: compileSnippet
  api=4 type=0 insize=924 outsize=1193 kw= ok=1
Cmd: compileSnippet
  api=4 type=1 insize=924 outsize=795 kw= ok=1
Cmd: preprocess
  insize=1503 outsize=625 ok=1
Cmd: compileSnippet
  api=4 type=0 insize=1179 outsize=1510 kw= ok=1
Cmd: compileSnippet
  api=4 type=1 insize=1179 outsize=1014 kw= ok=1
Cmd: preprocess
  insize=2684 outsize=850 ok=1
Cmd: compileSnippet
  api=4 type=0 insize=2137 outsize=2078 kw= ok=1
Cmd: compileSnippet
  api=4 type=1 insize=2137 outsize=1632 kw= ok=1
Cmd: preprocess
  insize=472 outsize=472 ok=1
Cmd: preprocess
  insize=763 outsize=763 ok=1
Cmd: preprocess
  insize=720 outsize=720 ok=1
Cmd: preprocess
  insize=9520 outsize=3633 ok=1
Cmd: preprocess
  insize=4356 outsize=477 ok=1
Cmd: compileSnippet
  api=4 type=0 insize=4180 outsize=1120 kw= ok=1
Cmd: compileSnippet
  api=4 type=1 insize=4180 outsize=787 kw= ok=1
Cmd: preprocess
  insize=1560 outsize=533 ok=1
Cmd: compileSnippet
  api=4 type=0 insize=1329 outsize=1388 kw= ok=1
Cmd: compileSnippet
  api=4 type=1 insize=1329 outsize=1128 kw= ok=1
Cmd: preprocess
  insize=2613 outsize=1662 ok=1
Cmd: compileSnippet
  api=4 type=0 insize=1253 outsize=1038 kw=_ASYM_OFF ok=1
Cmd: compileSnippet
  api=4 type=1 insize=1253 outsize=453 kw=_ASYM_OFF ok=1
Cmd: preprocess
  insize=4438 outsize=4438 ok=1
Cmd: preprocess
  insize=2445 outsize=2445 ok=1
Cmd: preprocess
  insize=1428 outsize=478 ok=1
Cmd: compileSnippet
  api=4 type=0 insize=1252 outsize=1388 kw= ok=1
Cmd: compileSnippet
  api=4 type=1 insize=1252 outsize=1168 kw= ok=1
Cmd: preprocess
  insize=3042 outsize=1804 ok=1
Cmd: compileSnippet
  api=4 type=0 insize=5428 outsize=3980 kw=DIRECTIONAL SHADOWS_OFF LIGHTMAP_OFF DIRLIGHTMAP_OFF ok=1
Cmd: compileSnippet
  api=4 type=1 insize=5428 outsize=2737 kw=DIRECTIONAL SHADOWS_OFF LIGHTMAP_OFF DIRLIGHTMAP_OFF ok=1
Cmd: compileSnippet
  api=4 type=0 insize=3334 outsize=3630 kw=POINT ok=1
Cmd: compileSnippet
  api=4 type=1 insize=3334 outsize=3053 kw=POINT ok=1
Cmd: compileSnippet
  api=4 type=0 insize=5307 outsize=3094 kw=DIRECTIONAL SHADOWS_OFF LIGHTMAP_OFF DIRLIGHTMAP_OFF ok=1
Cmd: compileSnippet
  api=4 type=1 insize=5307 outsize=2290 kw=DIRECTIONAL SHADOWS_OFF LIGHTMAP_OFF DIRLIGHTMAP_OFF ok=1
Cmd: compileSnippet
  api=4 type=0 insize=3313 outsize=3053 kw=POINT ok=1
Cmd: compileSnippet
  api=4 type=1 insize=3313 outsize=2631 kw=POINT ok=1
Cmd: preprocess
  insize=2726 outsize=1775 ok=1
Cmd: compileSnippet
  api=4 type=0 insize=1253 outsize=1038 kw=_ASYM_OFF ok=1
Cmd: compileSnippet
  api=4 type=1 insize=1253 outsize=453 kw=_ASYM_OFF ok=1
Cmd: preprocess
  insize=782 outsize=782 ok=1
Cmd: preprocess
  insize=1986 outsize=627 ok=1
Cmd: compileSnippet
  api=4 type=0 insize=1601 outsize=1274 kw=SOFTPARTICLES_OFF ok=1
Cmd: compileSnippet
  api=4 type=1 insize=1601 outsize=1177 kw=SOFTPARTICLES_OFF ok=1
Cmd: preprocess
  insize=469 outsize=469 ok=1
Cmd: preprocess
  insize=2086 outsize=849 ok=1
Cmd: compileSnippet
  error: 2 plat 4 at (57): 'vert': function return value missing semantics
  api=4 type=0 insize=1539 outsize=0 kw= ok=0
Cmd: preprocess
  insize=2474 outsize=494 ok=1
Cmd: compileSnippet
  api=4 type=0 insize=2284 outsize=2078 kw= ok=1
Cmd: compileSnippet
  api=4 type=1 insize=2284 outsize=2257 kw= ok=1
Cmd: preprocess
  insize=435 outsize=435 ok=1
Cmd: preprocess
  insize=1125 outsize=465 ok=1
Cmd: compileSnippet
  api=4 type=0 insize=962 outsize=1298 kw= ok=1
Cmd: compileSnippet
  api=4 type=1 insize=962 outsize=795 kw= ok=1
Cmd: preprocess
  insize=996 outsize=437 ok=1
Cmd: compileSnippet
  api=4 type=0 insize=864 outsize=1477 kw= ok=1
Cmd: compileSnippet
  api=4 type=1 insize=864 outsize=754 kw= ok=1
Cmd: preprocess
  insize=1465 outsize=506 ok=1
Cmd: compileSnippet
  api=4 type=0 insize=1260 outsize=1388 kw= ok=1
Cmd: compileSnippet
  api=4 type=1 insize=1260 outsize=1745 kw= ok=1
Cmd: preprocess
  insize=1737 outsize=840 ok=1
Cmd: compileSnippet
  error: 2 plat 4 at (53): 'vert': function return value missing semantics
  api=4 type=0 insize=1199 outsize=0 kw= ok=0
Cmd: preprocess
  insize=5950 outsize=3432 ok=1
Cmd: compileSnippet
  api=4 type=0 insize=7024 outsize=4573 kw=DIRECTIONAL LIGHTMAP_OFF DIRLIGHTMAP_OFF ok=1
Cmd: compileSnippet
  api=4 type=1 insize=7024 outsize=3752 kw=DIRECTIONAL LIGHTMAP_OFF DIRLIGHTMAP_OFF ok=1
Cmd: compileSnippet
  api=4 type=0 insize=4819 outsize=4223 kw=POINT ok=1
Cmd: compileSnippet
  api=4 type=1 insize=4819 outsize=4077 kw=POINT ok=1
Cmd: compileSnippet
  api=4 type=0 insize=5949 outsize=4126 kw=DIRECTIONAL LIGHTMAP_OFF DIRLIGHTMAP_OFF ok=1
Cmd: compileSnippet
  api=4 type=1 insize=5949 outsize=3265 kw=DIRECTIONAL LIGHTMAP_OFF DIRLIGHTMAP_OFF ok=1
Cmd: compileSnippet
  api=4 type=0 insize=3811 outsize=3777 kw=POINT ok=1
Cmd: compileSnippet
  api=4 type=1 insize=3811 outsize=3590 kw=POINT ok=1
Cmd: compileSnippet
  api=4 type=0 insize=5273 outsize=3240 kw=DIRECTIONAL LIGHTMAP_OFF DIRLIGHTMAP_OFF ok=1
Cmd: compileSnippet
  api=4 type=1 insize=5273 outsize=1859 kw=DIRECTIONAL LIGHTMAP_OFF DIRLIGHTMAP_OFF ok=1
Cmd: compileSnippet
  api=4 type=0 insize=2853 outsize=3200 kw=POINT ok=1
Cmd: compileSnippet
  api=4 type=1 insize=2853 outsize=2217 kw=POINT ok=1
Cmd: preprocess
  insize=3982 outsize=1622 ok=1
Cmd: preprocess
  insize=2781 outsize=1830 ok=1
Cmd: preprocess
  insize=1464 outsize=884 ok=1
Cmd: compileSnippet
  api=4 type=0 insize=882 outsize=1193 kw= ok=1
Cmd: compileSnippet
  api=4 type=1 insize=882 outsize=754 kw= ok=1
Cmd: preprocess
  insize=2361 outsize=2258 ok=1
Cmd: compileSnippet
  api=4 type=0 insize=5530 outsize=3980 kw=DIRECTIONAL SHADOWS_OFF LIGHTMAP_OFF DIRLIGHTMAP_OFF ok=1
Cmd: compileSnippet
  api=4 type=1 insize=5530 outsize=2964 kw=DIRECTIONAL SHADOWS_OFF LIGHTMAP_OFF DIRLIGHTMAP_OFF ok=1
Cmd: compileSnippet
  api=4 type=0 insize=3436 outsize=3630 kw=POINT ok=1
Cmd: compileSnippet
  api=4 type=1 insize=3436 outsize=3281 kw=POINT ok=1
Cmd: compileSnippet
  api=4 type=0 insize=4288 outsize=2607 kw=DIRECTIONAL SHADOWS_OFF LIGHTMAP_OFF DIRLIGHTMAP_OFF ok=1
Cmd: compileSnippet
  api=4 type=1 insize=4288 outsize=1412 kw=DIRECTIONAL SHADOWS_OFF LIGHTMAP_OFF DIRLIGHTMAP_OFF ok=1
Cmd: compileSnippet
  api=4 type=0 insize=2326 outsize=2875 kw=POINT ok=1
Cmd: compileSnippet
  api=4 type=1 insize=2326 outsize=1705 kw=POINT ok=1
Cmd: compileSnippet
  api=4 type=0 insize=1854 outsize=1477 kw= ok=1
Cmd: compileSnippet
  api=4 type=1 insize=1854 outsize=632 kw= ok=1
Cmd: compileSnippet
  api=4 type=0 insize=4039 outsize=2883 kw=LIGHTMAP_OFF DIRLIGHTMAP_OFF HDR_LIGHT_PREPASS_OFF ok=1
Cmd: compileSnippet
  api=4 type=1 insize=4039 outsize=1355 kw=LIGHTMAP_OFF DIRLIGHTMAP_OFF HDR_LIGHT_PREPASS_OFF ok=1
Cmd: preprocess
  insize=1287 outsize=490 ok=1
Cmd: compileSnippet
  api=4 type=0 insize=1099 outsize=1510 kw= ok=1
Cmd: compileSnippet
  api=4 type=1 insize=1099 outsize=1055 kw= ok=1
Cmd: preprocess
  insize=1232 outsize=482 ok=1
Cmd: compileSnippet
  api=4 type=0 insize=1051 outsize=1193 kw= ok=1
Cmd: compileSnippet
  api=4 type=1 insize=1051 outsize=1363 kw= ok=1
Cmd: preprocess
  insize=2107 outsize=492 ok=1
Cmd: compileSnippet
  api=4 type=0 insize=1917 outsize=1697 kw= ok=1
Cmd: compileSnippet
  api=4 type=1 insize=1917 outsize=1916 kw= ok=1
Cmd: preprocess
  insize=1668 outsize=929 ok=1
Cmd: compileSnippet
  api=4 type=0 insize=1041 outsize=1274 kw= ok=1
Cmd: compileSnippet
  api=4 type=1 insize=1041 outsize=990 kw= ok=1
Cmd: preprocess
  insize=4118 outsize=1758 ok=1
Cmd: compileSnippet
  api=4 type=0 insize=2664 outsize=1363 kw=_TEX_OFF _COLOR_OFF _VCOLOR_OFF ok=1
Cmd: compileSnippet
  api=4 type=1 insize=2664 outsize=713 kw=_TEX_OFF _COLOR_OFF _VCOLOR_OFF ok=1
Cmd: preprocess
  insize=720 outsize=720 ok=1
